#
# A fatal error has been detected by the Java Runtime Environment:
#
#  EXCEPTION_UNCAUGHT_CXX_EXCEPTION (0xe06d7363) at pc=0x7593969b, pid=5844, tid=1188
#
# JRE version: 7.0-b147
# Java VM: Java HotSpot(TM) Client VM (21.0-b17 mixed mode, sharing windows-x86 )
# Problematic frame:
# C  [KERNELBASE.dll+0x969b]
#
# Failed to write core dump. Minidumps are not enabled by default on client versions of Windows
#
# If you would like to submit a bug report, please visit:
#   http://bugreport.sun.com/bugreport/crash.jsp
# The crash happened outside the Java Virtual Machine in native code.
# See problematic frame for where to report the bug.
#

---------------  T H R E A D  ---------------

Current thread (0x00a5c400):  JavaThread "main" [_thread_in_native, id=1188, stack(0x00930000,0x00980000)]

siginfo: ExceptionCode=0xe06d7363, ExceptionInformation=0x19930520 0x0097f078 0x6bb89298 

Registers:
EAX=0x0097edc8, EBX=0x00000000, ECX=0x00000003, EDX=0x00000000
ESP=0x0097edc8, EBP=0x0097ee18, ESI=0x00000036, EDI=0x0097f078
EIP=0x7593969b, EFLAGS=0x00000212

Top of Stack: (sp=0x0097edc8)
0x0097edc8:   e06d7363 00000001 00000000 7593969b
0x0097edd8:   00000003 19930520 0097f078 6bb89298
0x0097ede8:   00b5f6a0 00000040 3939392d ffff0000
0x0097edf8:   0097ee38 6bb715ae 00000040 b3eb6201
0x0097ee08:   0097f078 00000036 00000000 0097ee2c
0x0097ee18:   0097ee50 6b507819 e06d7363 00000001
0x0097ee28:   00000003 0097ee44 e06d7363 00000001
0x0097ee38:   00000000 00000000 00000003 19930520 

Instructions: (pc=0x7593969b)
0x7593967b:   89 45 c0 c1 e0 02 50 ff 75 14 8d 45 c4 50 e8 9d
0x7593968b:   d1 ff ff 83 c4 0c 8d 45 b0 50 ff 15 5c 11 93 75
0x7593969b:   c9 c2 10 00 89 45 c0 eb ed 90 90 90 90 90 8b ff
0x759396ab:   55 8b ec 83 ec 1c 6a 00 6a 1c 8d 45 e4 50 6a 00 


Register to memory mapping:

EAX=0x0097edc8 is pointing into the stack for thread: 0x00a5c400
EBX=0x00000000 is an unknown value
ECX=0x00000003 is an unknown value
EDX=0x00000000 is an unknown value
ESP=0x0097edc8 is pointing into the stack for thread: 0x00a5c400
EBP=0x0097ee18 is pointing into the stack for thread: 0x00a5c400
ESI=0x00000036 is an unknown value
EDI=0x0097f078 is pointing into the stack for thread: 0x00a5c400


Stack: [0x00930000,0x00980000],  sp=0x0097edc8,  free space=315k
Native frames: (J=compiled Java code, j=interpreted, Vv=VM code, C=native code)
C  [KERNELBASE.dll+0x969b]  RaiseException+0x54
C  [msvcr100.dll+0x27819]  CxxThrowException+0x45
C  [PowerFlow.dll+0x2f80]  PowerSystem::BusAndBranch::FromConfigFile+0x170
C  [PowerFlow.dll+0x47fa]  PowerSystem::_PowerFlow::InitBABFromFile+0x5a
C  [PowerFlow.dll+0x1100]  Java_com_ypcl_identification_algorithm_simulator_Simulator_runFlow+0xb0
j  com.ypcl.identification.algorithm.simulator.Simulator.runFlow(Ljava/lang/String;II)Ljava/lang/String;+0
j  com.ypcl.identification.algorithm.simulator.Simulator.work(Ljava/lang/String;)Lcom/ypcl/identification/algorithm/simulator/Simulator;+146
j  com.ypcl.identification.algorithm.simulator.Simulator.main([Ljava/lang/String;)V+20
v  ~StubRoutines::call_stub
V  [jvm.dll+0x122c7e]
V  [jvm.dll+0x1c9c0e]
V  [jvm.dll+0x122d0d]
V  [jvm.dll+0xa77e4]
V  [jvm.dll+0xb1b77]
C  [javaw.exe+0x1fe5]
C  [javaw.exe+0xa0cb]
C  [javaw.exe+0xa155]
C  [kernel32.dll+0x51154]  BaseThreadInitThunk+0x12
C  [ntdll.dll+0x5b299]  RtlInitializeExceptionChain+0x63
C  [ntdll.dll+0x5b26c]  RtlInitializeExceptionChain+0x36

Java frames: (J=compiled Java code, j=interpreted, Vv=VM code)
j  com.ypcl.identification.algorithm.simulator.Simulator.runFlow(Ljava/lang/String;II)Ljava/lang/String;+0
j  com.ypcl.identification.algorithm.simulator.Simulator.work(Ljava/lang/String;)Lcom/ypcl/identification/algorithm/simulator/Simulator;+146
j  com.ypcl.identification.algorithm.simulator.Simulator.main([Ljava/lang/String;)V+20
v  ~StubRoutines::call_stub

---------------  P R O C E S S  ---------------

Java Threads: ( => current thread )
  0x00b3bc00 JavaThread "Service Thread" daemon [_thread_blocked, id=6008, stack(0x00e70000,0x00ec0000)]
  0x00b37400 JavaThread "C1 CompilerThread0" daemon [_thread_blocked, id=4848, stack(0x00c10000,0x00c60000)]
  0x00b36000 JavaThread "Attach Listener" daemon [_thread_blocked, id=4844, stack(0x00f30000,0x00f80000)]
  0x00b34800 JavaThread "Signal Dispatcher" daemon [_thread_blocked, id=4256, stack(0x00d40000,0x00d90000)]
  0x00b1d400 JavaThread "Finalizer" daemon [_thread_blocked, id=3048, stack(0x00ed0000,0x00f20000)]
  0x00b18800 JavaThread "Reference Handler" daemon [_thread_blocked, id=2624, stack(0x00c70000,0x00cc0000)]
=>0x00a5c400 JavaThread "main" [_thread_in_native, id=1188, stack(0x00930000,0x00980000)]

Other Threads:
  0x00b15c00 VMThread [stack: 0x00cc0000,0x00d10000] [id=1456]
  0x03d21400 WatcherThread [stack: 0x00db0000,0x00e00000] [id=1536]

VM state:not at safepoint (normal execution)

VM Mutex/Monitor currently owned by a thread: None

Heap
 def new generation   total 4928K, used 1833K [0x237c0000, 0x23d10000, 0x28d10000)
  eden space 4416K,  41% used [0x237c0000, 0x2398a798, 0x23c10000)
  from space 512K,   0% used [0x23c10000, 0x23c10000, 0x23c90000)
  to   space 512K,   0% used [0x23c90000, 0x23c90000, 0x23d10000)
 tenured generation   total 10944K, used 0K [0x28d10000, 0x297c0000, 0x337c0000)
   the space 10944K,   0% used [0x28d10000, 0x28d10000, 0x28d10200, 0x297c0000)
 compacting perm gen  total 12288K, used 387K [0x337c0000, 0x343c0000, 0x377c0000)
   the space 12288K,   3% used [0x337c0000, 0x33820d60, 0x33820e00, 0x343c0000)
    ro space 10240K,  45% used [0x377c0000, 0x37c41888, 0x37c41a00, 0x381c0000)
    rw space 12288K,  54% used [0x381c0000, 0x388404f8, 0x38840600, 0x38dc0000)

Code Cache  [0x01d10000, 0x01da8000, 0x03d10000)
 total_blobs=214 nmethods=67 adapters=80 free_code_cache=32180Kb largest_free_block=32952512

Dynamic libraries:
0x010e0000 - 0x0110f000 	D:\Program Files\Java\jdk1.7.0\bin\javaw.exe
0x77700000 - 0x7783c000 	C:\Windows\SYSTEM32\ntdll.dll
0x75e10000 - 0x75ee4000 	C:\Windows\system32\kernel32.dll
0x75930000 - 0x7597b000 	C:\Windows\system32\KERNELBASE.dll
0x77150000 - 0x771f0000 	C:\Windows\system32\ADVAPI32.dll
0x77880000 - 0x7792c000 	C:\Windows\system32\msvcrt.dll
0x77610000 - 0x77629000 	C:\Windows\SYSTEM32\sechost.dll
0x77390000 - 0x77431000 	C:\Windows\system32\RPCRT4.dll
0x75b90000 - 0x75c59000 	C:\Windows\system32\USER32.dll
0x75c60000 - 0x75cae000 	C:\Windows\system32\GDI32.dll
0x77870000 - 0x7787a000 	C:\Windows\system32\LPK.dll
0x77570000 - 0x7760e000 	C:\Windows\system32\USP10.dll
0x745e0000 - 0x7477e000 	C:\Windows\WinSxS\x86_microsoft.windows.common-controls_6595b64144ccf1df_6.0.7600.16661_none_420fe3fa2b8113bd\COMCTL32.dll
0x76110000 - 0x76167000 	C:\Windows\system32\SHLWAPI.dll
0x77850000 - 0x7786f000 	C:\Windows\system32\IMM32.DLL
0x77630000 - 0x776fc000 	C:\Windows\system32\MSCTF.dll
0x75850000 - 0x75885000 	C:\Windows\system32\nvinit.dll
0x6b4e0000 - 0x6b59e000 	D:\Program Files\Java\jdk1.7.0\jre\bin\msvcr100.dll
0x5d4e0000 - 0x5d801000 	D:\Program Files\Java\jdk1.7.0\jre\bin\client\jvm.dll
0x6c0e0000 - 0x6c0e7000 	C:\Windows\system32\WSOCK32.dll
0x77530000 - 0x77565000 	C:\Windows\system32\WS2_32.dll
0x75f40000 - 0x75f46000 	C:\Windows\system32\NSI.dll
0x73d40000 - 0x73d72000 	C:\Windows\system32\WINMM.dll
0x763d0000 - 0x763d5000 	C:\Windows\system32\PSAPI.DLL
0x73a00000 - 0x73a0c000 	D:\Program Files\Java\jdk1.7.0\jre\bin\verify.dll
0x6b140000 - 0x6b160000 	D:\Program Files\Java\jdk1.7.0\jre\bin\java.dll
0x6d940000 - 0x6d953000 	D:\Program Files\Java\jdk1.7.0\jre\bin\zip.dll
0x6bb70000 - 0x6bb90000 	C:\Windows\PowerFlow.dll
0x6d8c0000 - 0x6d929000 	C:\Windows\system32\MSVCP100.dll

VM Arguments:
jvm_args: -Dfile.encoding=GBK 
java_command: com.ypcl.identification.algorithm.simulator.Simulator
Launcher Type: SUN_STANDARD

Environment Variables:
JAVA_HOME=D:\Program Files\Java\jdk1.7.0
CLASSPATH=.;D:\Program Files\Java\jdk1.7.0\lib;
PATH=D:/Program Files/Java/jdk1.7.0/bin/../jre/bin/client;D:/Program Files/Java/jdk1.7.0/bin/../jre/bin;D:/Program Files/Java/jdk1.7.0/bin/../jre/lib/i386;C:\Program Files\NVIDIA Corporation\PhysX\Common;E:\app\YaoPeng\product\11.2.0\dbhome_2\bin;C:\Program Files\Broadcom\Broadcom 802.11 Network Adapter;C:\Windows\system32;C:\Windows;C:\Windows\System32\Wbem;C:\Windows\System32\WindowsPowerShell\v1.0\;C:\Program Files\Microsoft\Web Platform Installer\;C:\Program Files\Microsoft ASP.NET\ASP.NET Web Pages\v1.0\;C:\Program Files\Microsoft SQL Server\80\Tools\Binn\;C:\Program Files\Microsoft SQL Server\90\DTS\Binn\;C:\Program Files\Microsoft SQL Server\90\Tools\binn\;C:\Program Files\Microsoft SQL Server\90\Tools\Binn\VSShell\Common7\IDE\;C:\Program Files\Microsoft Visual Studio 8\Common7\IDE\PrivateAssemblies\;C:\Program Files\Microsoft SQL Server\100\Tools\Binn\;C:\Program Files\Microsoft SQL Server\100\DTS\Binn\;D:\Program Files\MATLAB\R2010a\runtime\win32;D:\Program Files\MATLAB\R2010a\bin;D:\linux\Go\bin\;C:\Program Files\QuickTime\QTSystem\;D:\Program Files\Java\jdk1.7.0\bin;D:\linux\GNU\GNUstep\mingw\bin;D:\linux\GNU\GNUstep\GNUstep\System\Tools;D:\linux\storm\apache-storm-0.9.1-incubating\bin;;D:\Program Files\eclipse;
USERNAME=YaoPeng
OS=Windows_NT
PROCESSOR_IDENTIFIER=x86 Family 6 Model 58 Stepping 9, GenuineIntel



---------------  S Y S T E M  ---------------

OS: Windows 7 Build 7600 

CPU:total 4 (2 cores per cpu, 2 threads per core) family 6 model 58 stepping 9, cmov, cx8, fxsr, mmx, sse, sse2, sse3, ssse3, sse4.1, sse4.2, popcnt, ht

Memory: 4k page, physical 2466156k(482784k free), swap 6163080k(3864832k free)

vm_info: Java HotSpot(TM) Client VM (21.0-b17) for windows-x86 JRE (1.7.0-b147), built on Jun 27 2011 02:25:52 by "java_re" with unknown MS VC++:1600

time: Sat Jan 24 13:13:00 2015
elapsed time: 0 seconds

